# JRE version: OpenJDK Runtime Environment (8.0_161-b14) (build 1.8.0_161-b14)
# Java VM: OpenJDK 64-Bit Server VM (25.161-b14 mixed mode linux-amd64 compressed oops)
Heap:
 PSYoungGen      total 6932480K, used 5785277K [0x0000000615580000, 0x00000007c0000000, 0x00000007c0000000)
  eden space 6874624K, 83% used [0x0000000615580000,0x0000000773f87520,0x00000007b8f00000)
  from space 57856K, 70% used [0x00000007bc780000,0x00000007bef28000,0x00000007c0000000)
  to   space 57856K, 0% used [0x00000007b8f00000,0x00000007b8f00000,0x00000007bc780000)
 ParOldGen       total 13981184K, used 70280K [0x00000002c0000000, 0x0000000615580000, 0x0000000615580000)
  object space 13981184K, 0% used [0x00000002c0000000,0x00000002c44a2208,0x0000000615580000)
 Metaspace       used 27492K, capacity 34495K, committed 34688K, reserved 1075200K
  class space    used 6421K, capacity 8748K, committed 8832K, reserved 1048576K
GC Heap History (10 events):
Event: 207.947 GC heap before
{Heap before GC invocations=183 (full 1):
 PSYoungGen      total 6925312K, used 6924896K [0x0000000615580000, 0x00000007c0000000, 0x00000007c0000000)
  eden space 6880768K, 100% used [0x0000000615580000,0x00000007b9500000,0x00000007b9500000)
  from space 44544K, 99% used [0x00000007b9500000,0x00000007bc018000,0x00000007bc080000)
  to   space 57344K, 0% used [0x00000007bc800000,0x00000007bc800000,0x00000007c0000000)
 ParOldGen       total 13981184K, used 69600K [0x00000002c0000000, 0x0000000615580000, 0x0000000615580000)
  object space 13981184K, 0% used [0x00000002c0000000,0x00000002c43f8208,0x0000000615580000)
 Metaspace       used 27492K, capacity 34495K, committed 34688K, reserved 1075200K
  class space    used 6421K, capacity 8748K, committed 8832K, reserved 1048576K
Event: 207.975 GC heap after
Heap after GC invocations=183 (full 1):
 PSYoungGen      total 6931968K, used 39392K [0x0000000615580000, 0x00000007c0000000, 0x00000007c0000000)
  eden space 6874624K, 0% used [0x0000000615580000,0x0000000615580000,0x00000007b8f00000)
  from space 57344K, 68% used [0x00000007bc800000,0x00000007bee78000,0x00000007c0000000)
  to   space 57856K, 0% used [0x00000007b8f00000,0x00000007b8f00000,0x00000007bc780000)
 ParOldGen       total 13981184K, used 69680K [0x00000002c0000000, 0x0000000615580000, 0x0000000615580000)
  object space 13981184K, 0% used [0x00000002c0000000,0x00000002c440c208,0x0000000615580000)
 Metaspace       used 27492K, capacity 34495K, committed 34688K, reserved 1075200K
  class space    used 6421K, capacity 8748K, committed 8832K, reserved 1048576K
}
Event: 209.104 GC heap before
{Heap before GC invocations=184 (full 1):
 PSYoungGen      total 6931968K, used 6914016K [0x0000000615580000, 0x00000007c0000000, 0x00000007c0000000)
  eden space 6874624K, 100% used [0x0000000615580000,0x00000007b8f00000,0x00000007b8f00000)
  from space 57344K, 68% used [0x00000007bc800000,0x00000007bee78000,0x00000007c0000000)
  to   space 57856K, 0% used [0x00000007b8f00000,0x00000007b8f00000,0x00000007bc780000)
 ParOldGen       total 13981184K, used 69680K [0x00000002c0000000, 0x0000000615580000, 0x0000000615580000)
  object space 13981184K, 0% used [0x00000002c0000000,0x00000002c440c208,0x0000000615580000)
 Metaspace       used 27492K, capacity 34495K, committed 34688K, reserved 1075200K
  class space    used 6421K, capacity 8748K, committed 8832K, reserved 1048576K
Event: 209.115 GC heap after
Heap after GC invocations=184 (full 1):
 PSYoungGen      total 6932480K, used 17408K [0x0000000615580000, 0x00000007c0000000, 0x00000007c0000000)
  eden space 6874624K, 0% used [0x0000000615580000,0x0000000615580000,0x00000007b8f00000)
  from space 57856K, 30% used [0x00000007b8f00000,0x00000007ba000000,0x00000007bc780000)
  to   space 57856K, 0% used [0x00000007bc780000,0x00000007bc780000,0x00000007c0000000)
 ParOldGen       total 13981184K, used 69720K [0x00000002c0000000, 0x0000000615580000, 0x0000000615580000)
  object space 13981184K, 0% used [0x00000002c0000000,0x00000002c4416208,0x0000000615580000)
 Metaspace       used 27492K, capacity 34495K, committed 34688K, reserved 1075200K
  class space    used 6421K, capacity 8748K, committed 8832K, reserved 1048576K
}
Event: 210.135 GC heap before
{Heap before GC invocations=185 (full 1):
 PSYoungGen      total 6932480K, used 6892032K [0x0000000615580000, 0x00000007c0000000, 0x00000007c0000000)
  eden space 6874624K, 100% used [0x0000000615580000,0x00000007b8f00000,0x00000007b8f00000)
  from space 57856K, 30% used [0x00000007b8f00000,0x00000007ba000000,0x00000007bc780000)
  to   space 57856K, 0% used [0x00000007bc780000,0x00000007bc780000,0x00000007c0000000)
 ParOldGen       total 13981184K, used 69720K [0x00000002c0000000, 0x0000000615580000, 0x0000000615580000)
  object space 13981184K, 0% used [0x00000002c0000000,0x00000002c4416208,0x0000000615580000)
 Metaspace       used 27492K, capacity 34495K, committed 34688K, reserved 1075200K
  class space    used 6421K, capacity 8748K, committed 8832K, reserved 1048576K
Event: 210.153 GC heap after
Heap after GC invocations=185 (full 1):
 PSYoungGen      total 6930432K, used 40608K [0x0000000615580000, 0x00000007c0000000, 0x00000007c0000000)
  eden space 6872576K, 0% used [0x0000000615580000,0x0000000615580000,0x00000007b8d00000)
  from space 57856K, 70% used [0x00000007bc780000,0x00000007bef28000,0x00000007c0000000)
  to   space 58880K, 0% used [0x00000007b8d00000,0x00000007b8d00000,0x00000007bc680000)
 ParOldGen       total 13981184K, used 70176K [0x00000002c0000000, 0x0000000615580000, 0x0000000615580000)
  object space 13981184K, 0% used [0x00000002c0000000,0x00000002c4488208,0x0000000615580000)
 Metaspace       used 27492K, capacity 34495K, committed 34688K, reserved 1075200K
  class space    used 6421K, capacity 8748K, committed 8832K, reserved 1048576K
}
Event: 210.681 GC heap before
{Heap before GC invocations=186 (full 1):
 PSYoungGen      total 6930432K, used 6913184K [0x0000000615580000, 0x00000007c0000000, 0x00000007c0000000)
  eden space 6872576K, 100% used [0x0000000615580000,0x00000007b8d00000,0x00000007b8d00000)
  from space 57856K, 70% used [0x00000007bc780000,0x00000007bef28000,0x00000007c0000000)
  to   space 58880K, 0% used [0x00000007b8d00000,0x00000007b8d00000,0x00000007bc680000)
 ParOldGen       total 13981184K, used 70176K [0x00000002c0000000, 0x0000000615580000, 0x0000000615580000)
  object space 13981184K, 0% used [0x00000002c0000000,0x00000002c4488208,0x0000000615580000)
 Metaspace       used 27492K, capacity 34495K, committed 34688K, reserved 1075200K
  class space    used 6421K, capacity 8748K, committed 8832K, reserved 1048576K
Event: 210.691 GC heap after
Heap after GC invocations=186 (full 1):
 PSYoungGen      total 6931456K, used 36384K [0x0000000615580000, 0x00000007c0000000, 0x00000007c0000000)
  eden space 6872576K, 0% used [0x0000000615580000,0x0000000615580000,0x00000007b8d00000)
  from space 58880K, 61% used [0x00000007b8d00000,0x00000007bb088000,0x00000007bc680000)
  to   space 57856K, 0% used [0x00000007bc780000,0x00000007bc780000,0x00000007c0000000)
 ParOldGen       total 13981184K, used 70224K [0x00000002c0000000, 0x0000000615580000, 0x0000000615580000)
  object space 13981184K, 0% used [0x00000002c0000000,0x00000002c4494208,0x0000000615580000)
 Metaspace       used 27492K, capacity 34495K, committed 34688K, reserved 1075200K
  class space    used 6421K, capacity 8748K, committed 8832K, reserved 1048576K
}
Event: 211.221 GC heap before
{Heap before GC invocations=187 (full 1):
 PSYoungGen      total 6931456K, used 6908960K [0x0000000615580000, 0x00000007c0000000, 0x00000007c0000000)
  eden space 6872576K, 100% used [0x0000000615580000,0x00000007b8d00000,0x00000007b8d00000)
  from space 58880K, 61% used [0x00000007b8d00000,0x00000007bb088000,0x00000007bc680000)
  to   space 57856K, 0% used [0x00000007bc780000,0x00000007bc780000,0x00000007c0000000)
 ParOldGen       total 13981184K, used 70224K [0x00000002c0000000, 0x0000000615580000, 0x0000000615580000)
  object space 13981184K, 0% used [0x00000002c0000000,0x00000002c4494208,0x0000000615580000)
 Metaspace       used 27492K, capacity 34495K, committed 34688K, reserved 1075200K
  class space    used 6421K, capacity 8748K, committed 8832K, reserved 1048576K
Event: 211.230 GC heap after
Heap after GC invocations=187 (full 1):
 PSYoungGen      total 6932480K, used 40608K [0x0000000615580000, 0x00000007c0000000, 0x00000007c0000000)
  eden space 6874624K, 0% used [0x0000000615580000,0x0000000615580000,0x00000007b8f00000)
  from space 57856K, 70% used [0x00000007bc780000,0x00000007bef28000,0x00000007c0000000)
  to   space 57856K, 0% used [0x00000007b8f00000,0x00000007b8f00000,0x00000007bc780000)
 ParOldGen       total 13981184K, used 70280K [0x00000002c0000000, 0x0000000615580000, 0x0000000615580000)
  object space 13981184K, 0% used [0x00000002c0000000,0x00000002c44a2208,0x0000000615580000)
 Metaspace       used 27492K, capacity 34495K, committed 34688K, reserved 1075200K
  class space    used 6421K, capacity 8748K, committed 8832K, reserved 1048576K
}

